-------------------------------------------------------------------------------
Test set: com.cg.mts.servicetest.CustomerServiceTest
-------------------------------------------------------------------------------
Tests run: 4, Failures: 1, Errors: 0, Skipped: 0, Time elapsed: 2.687 s <<< FAILURE! - in com.cg.mts.servicetest.CustomerServiceTest
LoginUserTest  Time elapsed: 0.015 s  <<< FAILURE!
org.opentest4j.AssertionFailedError: expected: <Rishi is logged in> but was: <Username or Password is wrong.>
	at com.cg.mts.servicetest.CustomerServiceTest.LoginUserTest(CustomerServiceTest.java:98)

