-------------------------------------------------------------------------------
Test set: com.cg.mts.servicetest.DriverServiceTest
-------------------------------------------------------------------------------
Tests run: 4, Failures: 1, Errors: 0, Skipped: 0, Time elapsed: 2.533 s <<< FAILURE! - in com.cg.mts.servicetest.DriverServiceTest
LoginDriverTest  Time elapsed: 0.013 s  <<< FAILURE!
org.opentest4j.AssertionFailedError: expected: <mukesh is logged in> but was: <Username or Password is wrong.>
	at com.cg.mts.servicetest.DriverServiceTest.LoginDriverTest(DriverServiceTest.java:60)

