<?xml version="1.0" encoding="UTF-8"?>
<testsuite xmlns:xsi="http://www.w3.org/2001/XMLSchema-instance" xsi:noNamespaceSchemaLocation="https://maven.apache.org/surefire/maven-surefire-plugin/xsd/surefire-test-report.xsd" name="com.cg.mts.servicetest.CustomerServiceTest" time="2.687" tests="4" errors="0" skipped="0" failures="1">
  <properties>
[...]
</properties>
  <testcase name="LoginUserTest" classname="com.cg.mts.servicetest.CustomerServiceTest" time="0.015">
    <failure message="expected: &lt;Rishi is logged in&gt; but was: &lt;Username or Password is wrong.&gt;" type="org.opentest4j.AssertionFailedError"><![CDATA[org.opentest4j.AssertionFailedError: expected: <Rishi is logged in> but was: <Username or Password is wrong.>
	at com.cg.mts.servicetest.CustomerServiceTest.LoginUserTest(CustomerServiceTest.java:98)
]]></failure>
    <system-out><![CDATA[&amp#27;[34m21-08-10 Tue 09:16:26.0761&amp#27;[0;39m &amp#27;[32mINFO &amp#27;[0;39m &amp#27;[34mSpringBootTestContextBootstrapper&amp#27;[0;39m &amp#27;[2mNeither @ContextConfiguration nor @ContextHierarchy found for test class [com.cg.mts.servicetest.CustomerServiceTest], using SpringBootContextLoader&amp#27;[0;39m
&amp#27;[34m21-08-10 Tue 09:16:26.0763&amp#27;[0;39m &amp#27;[32mINFO &amp#27;[0;39m &amp#27;[34mAbstractContextLoader&amp#27;[0;39m &amp#27;[2mCould not detect default resource locations for test class [com.cg.mts.servicetest.CustomerServiceTest]: no resource found for suffixes {-context.xml, Context.groovy}.&amp#27;[0;39m
&amp#27;[34m21-08-10 Tue 09:16:26.0764&amp#27;[0;39m &amp#27;[32mINFO &amp#27;[0;39m &amp#27;[34mAnnotationConfigContextLoaderUtils&amp#27;[0;39m &amp#27;[2mCould not detect default configuration classes for test class [com.cg.mts.servicetest.CustomerServiceTest]: CustomerServiceTest does not declare any static, non-private, non-final, nested classes annotated with @Configuration.&amp#27;[0;39m
&amp#27;[34m21-08-10 Tue 09:16:26.0782&amp#27;[0;39m &amp#27;[32mINFO &amp#27;[0;39m &amp#27;[34mSpringBootTestContextBootstrapper&amp#27;[0;39m &amp#27;[2mFound @SpringBootConfiguration com.cg.mts.CabBookingApplication for test class com.cg.mts.servicetest.CustomerServiceTest&amp#27;[0;39m
&amp#27;[34m21-08-10 Tue 09:16:26.0786&amp#27;[0;39m &amp#27;[32mINFO &amp#27;[0;39m &amp#27;[34mSpringBootTestContextBootstrapper&amp#27;[0;39m &amp#27;[2mLoaded default TestExecutionListener class names from location [META-INF/spring.factories]: [org.springframework.boot.test.mock.mockito.MockitoTestExecutionListener, org.springframework.boot.test.mock.mockito.ResetMocksTestExecutionListener, org.springframework.boot.test.autoconfigure.restdocs.RestDocsTestExecutionListener, org.springframework.boot.test.autoconfigure.web.client.MockRestServiceServerResetTestExecutionListener, org.springframework.boot.test.autoconfigure.web.servlet.MockMvcPrintOnlyOnFailureTestExecutionListener, org.springframework.boot.test.autoconfigure.web.servlet.WebDriverTestExecutionListener, org.springframework.boot.test.autoconfigure.webservices.client.MockWebServiceServerTestExecutionListener, org.springframework.test.context.web.ServletTestExecutionListener, org.springframework.test.context.support.DirtiesContextBeforeModesTestExecutionListener, org.springframework.test.context.event.ApplicationEventsTestExecutionListener, org.springframework.test.context.support.DependencyInjectionTestExecutionListener, org.springframework.test.context.support.DirtiesContextTestExecutionListener, org.springframework.test.context.transaction.TransactionalTestExecutionListener, org.springframework.test.context.jdbc.SqlScriptsTestExecutionListener, org.springframework.test.context.event.EventPublishingTestExecutionListener]&amp#27;[0;39m
&amp#27;[34m21-08-10 Tue 09:16:26.0787&amp#27;[0;39m &amp#27;[32mINFO &amp#27;[0;39m &amp#27;[34mSpringBootTestContextBootstrapper&amp#27;[0;39m &amp#27;[2mUsing TestExecutionListeners: [org.springframework.test.context.web.ServletTestExecutionListener@402d45c6, org.springframework.test.context.support.DirtiesContextBeforeModesTestExecutionListener@4b37b01e, org.springframework.test.context.event.ApplicationEventsTestExecutionListener@f53db1a, org.springframework.boot.test.mock.mockito.MockitoTestExecutionListener@6870e039, org.springframework.boot.test.autoconfigure.SpringBootDependencyInjectionTestExecutionListener@42599b84, org.springframework.test.context.support.DirtiesContextTestExecutionListener@34986491, org.springframework.test.context.transaction.TransactionalTestExecutionListener@2582e213, org.springframework.test.context.jdbc.SqlScriptsTestExecutionListener@4a1cafb2, org.springframework.test.context.event.EventPublishingTestExecutionListener@441798ce, org.springframework.boot.test.mock.mockito.ResetMocksTestExecutionListener@335cd031, org.springframework.boot.test.autoconfigure.restdocs.RestDocsTestExecutionListener@17c3e33, org.springframework.boot.test.autoconfigure.web.client.MockRestServiceServerResetTestExecutionListener@2eb27091, org.springframework.boot.test.autoconfigure.web.servlet.MockMvcPrintOnlyOnFailureTestExecutionListener@561b4c61, org.springframework.boot.test.autoconfigure.web.servlet.WebDriverTestExecutionListener@313c3cb, org.springframework.boot.test.autoconfigure.webservices.client.MockWebServiceServerTestExecutionListener@63fef83c]&amp#27;[0;39m

  .   ____          _            __ _ _
 /\\ / ___'_ __ _ _(_)_ __  __ _ \ \ \ \
( ( )\___ | '_ | '_| | '_ \/ _` | \ \ \ \
 \\/  ___)| |_)| | | | | || (_| |  ) ) ) )
  '  |____| .__|_| |_|_| |_\__, | / / / /
 =========|_|==============|___/=/_/_/_/
&amp#27;[32m :: Spring Boot :: &amp#27;[39m              &amp#27;[2m (v2.5.2)&amp#27;[0;39m

&amp#27;[34m21-08-10 Tue 09:16:26.0828&amp#27;[0;39m &amp#27;[32mINFO &amp#27;[0;39m &amp#27;[34mCustomerServiceTest&amp#27;[0;39m &amp#27;[2mStarting CustomerServiceTest using Java 1.8.0_291 on Anirban-PC with PID 9220 (started by Anirban Goswami in D:\Capgemini Project\CBA)&amp#27;[0;39m
&amp#27;[34m21-08-10 Tue 09:16:26.0831&amp#27;[0;39m &amp#27;[32mINFO &amp#27;[0;39m &amp#27;[34mCustomerServiceTest&amp#27;[0;39m &amp#27;[2mNo active profile set, falling back to default profiles: default&amp#27;[0;39m
&amp#27;[34m21-08-10 Tue 09:16:27.0285&amp#27;[0;39m &amp#27;[32mINFO &amp#27;[0;39m &amp#27;[34mRepositoryConfigurationDelegate&amp#27;[0;39m &amp#27;[2mBootstrapping Spring Data JPA repositories in DEFAULT mode.&amp#27;[0;39m
&amp#27;[34m21-08-10 Tue 09:16:27.0310&amp#27;[0;39m &amp#27;[32mINFO &amp#27;[0;39m &amp#27;[34mRepositoryConfigurationDelegate&amp#27;[0;39m &amp#27;[2mFinished Spring Data repository scanning in 25 ms. Found 5 JPA repository interfaces.&amp#27;[0;39m
&amp#27;[34m21-08-10 Tue 09:16:27.0564&amp#27;[0;39m &amp#27;[32mINFO &amp#27;[0;39m &amp#27;[34mLogHelper&amp#27;[0;39m &amp#27;[2mHHH000204: Processing PersistenceUnitInfo [name: default]&amp#27;[0;39m
&amp#27;[34m21-08-10 Tue 09:16:27.0569&amp#27;[0;39m &amp#27;[32mINFO &amp#27;[0;39m &amp#27;[34mHikariDataSource&amp#27;[0;39m &amp#27;[2mHikariPool-4 - Starting...&amp#27;[0;39m
&amp#27;[34m21-08-10 Tue 09:16:27.0569&amp#27;[0;39m &amp#27;[33mWARN &amp#27;[0;39m &amp#27;[34mDriverDataSource&amp#27;[0;39m &amp#27;[2mRegistered driver with driverClassName=oracle.jdbc.driver.OracleDriver was not found, trying direct instantiation.&amp#27;[0;39m
&amp#27;[34m21-08-10 Tue 09:16:27.0592&amp#27;[0;39m &amp#27;[32mINFO &amp#27;[0;39m &amp#27;[34mHikariDataSource&amp#27;[0;39m &amp#27;[2mHikariPool-4 - Start completed.&amp#27;[0;39m
&amp#27;[34m21-08-10 Tue 09:16:27.0592&amp#27;[0;39m &amp#27;[32mINFO &amp#27;[0;39m &amp#27;[34mDialect&amp#27;[0;39m &amp#27;[2mHHH000400: Using dialect: org.hibernate.dialect.Oracle10gDialect&amp#27;[0;39m
&amp#27;[34m21-08-10 Tue 09:16:27.0689&amp#27;[0;39m &amp#27;[32mDEBUG&amp#27;[0;39m &amp#27;[34mSQL&amp#27;[0;39m &amp#27;[2m
    
    drop table admin cascade constraints&amp#27;[0;39m
&amp#27;[34m21-08-10 Tue 09:16:27.0729&amp#27;[0;39m &amp#27;[32mDEBUG&amp#27;[0;39m &amp#27;[34mSQL&amp#27;[0;39m &amp#27;[2m
    
    drop table cab cascade constraints&amp#27;[0;39m
&amp#27;[34m21-08-10 Tue 09:16:27.0754&amp#27;[0;39m &amp#27;[32mDEBUG&amp#27;[0;39m &amp#27;[34mSQL&amp#27;[0;39m &amp#27;[2m
    
    drop table customer cascade constraints&amp#27;[0;39m
&amp#27;[34m21-08-10 Tue 09:16:27.0788&amp#27;[0;39m &amp#27;[32mDEBUG&amp#27;[0;39m &amp#27;[34mSQL&amp#27;[0;39m &amp#27;[2m
    
    drop table driver cascade constraints&amp#27;[0;39m
&amp#27;[34m21-08-10 Tue 09:16:27.0809&amp#27;[0;39m &amp#27;[32mDEBUG&amp#27;[0;39m &amp#27;[34mSQL&amp#27;[0;39m &amp#27;[2m
    
    drop table trip cascade constraints&amp#27;[0;39m
&amp#27;[34m21-08-10 Tue 09:16:27.0834&amp#27;[0;39m &amp#27;[32mDEBUG&amp#27;[0;39m &amp#27;[34mSQL&amp#27;[0;39m &amp#27;[2m
    
    drop sequence admin_seq&amp#27;[0;39m
&amp#27;[34m21-08-10 Tue 09:16:27.0837&amp#27;[0;39m &amp#27;[32mDEBUG&amp#27;[0;39m &amp#27;[34mSQL&amp#27;[0;39m &amp#27;[2m
    
    drop sequence cab_seq&amp#27;[0;39m
&amp#27;[34m21-08-10 Tue 09:16:27.0841&amp#27;[0;39m &amp#27;[32mDEBUG&amp#27;[0;39m &amp#27;[34mSQL&amp#27;[0;39m &amp#27;[2m
    
    drop sequence customer_seq&amp#27;[0;39m
&amp#27;[34m21-08-10 Tue 09:16:27.0844&amp#27;[0;39m &amp#27;[32mDEBUG&amp#27;[0;39m &amp#27;[34mSQL&amp#27;[0;39m &amp#27;[2m
    
    drop sequence driver_sequence&amp#27;[0;39m
&amp#27;[34m21-08-10 Tue 09:16:27.0847&amp#27;[0;39m &amp#27;[32mDEBUG&amp#27;[0;39m &amp#27;[34mSQL&amp#27;[0;39m &amp#27;[2mcreate sequence admin_seq start with 1001 increment by  50&amp#27;[0;39m
&amp#27;[34m21-08-10 Tue 09:16:27.0851&amp#27;[0;39m &amp#27;[32mDEBUG&amp#27;[0;39m &amp#27;[34mSQL&amp#27;[0;39m &amp#27;[2mcreate sequence cab_seq start with 1101 increment by  50&amp#27;[0;39m
&amp#27;[34m21-08-10 Tue 09:16:27.0855&amp#27;[0;39m &amp#27;[32mDEBUG&amp#27;[0;39m &amp#27;[34mSQL&amp#27;[0;39m &amp#27;[2mcreate sequence customer_seq start with 201 increment by  50&amp#27;[0;39m
&amp#27;[34m21-08-10 Tue 09:16:27.0858&amp#27;[0;39m &amp#27;[32mDEBUG&amp#27;[0;39m &amp#27;[34mSQL&amp#27;[0;39m &amp#27;[2mcreate sequence driver_sequence start with 1 increment by  50&amp#27;[0;39m
&amp#27;[34m21-08-10 Tue 09:16:27.0861&amp#27;[0;39m &amp#27;[32mDEBUG&amp#27;[0;39m &amp#27;[34mSQL&amp#27;[0;39m &amp#27;[2m
    
    create table admin (
       admin_id number(19,0) not null,
        email varchar2(255 char),
        mobile_number varchar2(255 char),
        password varchar2(255 char),
        username varchar2(255 char),
        primary key (admin_id)
    )&amp#27;[0;39m
&amp#27;[34m21-08-10 Tue 09:16:27.0875&amp#27;[0;39m &amp#27;[32mDEBUG&amp#27;[0;39m &amp#27;[34mSQL&amp#27;[0;39m &amp#27;[2m
    
    create table cab (
       cab_id number(10,0) not null,
        car_type varchar2(255 char),
        per_km_rate float not null,
        primary key (cab_id)
    )&amp#27;[0;39m
&amp#27;[34m21-08-10 Tue 09:16:27.0888&amp#27;[0;39m &amp#27;[32mDEBUG&amp#27;[0;39m &amp#27;[34mSQL&amp#27;[0;39m &amp#27;[2m
    
    create table customer (
       customer_id number(19,0) not null,
        email varchar2(255 char),
        mobile_number varchar2(255 char),
        password varchar2(255 char),
        username varchar2(255 char),
        primary key (customer_id)
    )&amp#27;[0;39m
&amp#27;[34m21-08-10 Tue 09:16:27.0901&amp#27;[0;39m &amp#27;[32mDEBUG&amp#27;[0;39m &amp#27;[34mSQL&amp#27;[0;39m &amp#27;[2m
    
    create table driver (
       driver_id number(19,0) not null,
        email varchar2(255 char),
        mobile_number varchar2(255 char),
        password varchar2(255 char),
        username varchar2(255 char),
        license_no varchar2(255 char),
        rating float not null,
        cab_id number(10,0),
        primary key (driver_id)
    )&amp#27;[0;39m
&amp#27;[34m21-08-10 Tue 09:16:27.0916&amp#27;[0;39m &amp#27;[32mDEBUG&amp#27;[0;39m &amp#27;[34mSQL&amp#27;[0;39m &amp#27;[2m
    
    create table trip (
       trip_booking_id number(10,0) not null,
        bill float not null,
        distance_in_km float not null,
        from_date_time timestamp,
        from_location varchar2(255 char),
        status number(1,0) not null,
        to_date_time timestamp,
        to_location varchar2(255 char),
        customer_id number(19,0),
        driver_id number(19,0),
        primary key (trip_booking_id)
    )&amp#27;[0;39m
&amp#27;[34m21-08-10 Tue 09:16:27.0932&amp#27;[0;39m &amp#27;[32mDEBUG&amp#27;[0;39m &amp#27;[34mSQL&amp#27;[0;39m &amp#27;[2m
    
    alter table driver 
       add constraint FKmbbi59vofxcqoo19732cimfsu 
       foreign key (cab_id) 
       references cab&amp#27;[0;39m
&amp#27;[34m21-08-10 Tue 09:16:27.0949&amp#27;[0;39m &amp#27;[32mDEBUG&amp#27;[0;39m &amp#27;[34mSQL&amp#27;[0;39m &amp#27;[2m
    
    alter table trip 
       add constraint FKorkmd9n10ycexg7ska268g4es 
       foreign key (customer_id) 
       references customer&amp#27;[0;39m
&amp#27;[34m21-08-10 Tue 09:16:27.0958&amp#27;[0;39m &amp#27;[32mDEBUG&amp#27;[0;39m &amp#27;[34mSQL&amp#27;[0;39m &amp#27;[2m
    
    alter table trip 
       add constraint FKpuhkx68hnwy4by2b0onybv5x1 
       foreign key (driver_id) 
       references driver&amp#27;[0;39m
&amp#27;[34m21-08-10 Tue 09:16:27.0969&amp#27;[0;39m &amp#27;[32mINFO &amp#27;[0;39m &amp#27;[34mJtaPlatformInitiator&amp#27;[0;39m &amp#27;[2mHHH000490: Using JtaPlatform implementation: [org.hibernate.engine.transaction.jta.platform.internal.NoJtaPlatform]&amp#27;[0;39m
&amp#27;[34m21-08-10 Tue 09:16:27.0970&amp#27;[0;39m &amp#27;[32mINFO &amp#27;[0;39m &amp#27;[34mLocalContainerEntityManagerFactoryBean&amp#27;[0;39m &amp#27;[2mInitialized JPA EntityManagerFactory for persistence unit 'default'&amp#27;[0;39m
&amp#27;[34m21-08-10 Tue 09:16:28.0501&amp#27;[0;39m &amp#27;[33mWARN &amp#27;[0;39m &amp#27;[34mJpaBaseConfiguration$JpaWebConfiguration&amp#27;[0;39m &amp#27;[2mspring.jpa.open-in-view is enabled by default. Therefore, database queries may be performed during view rendering. Explicitly configure spring.jpa.open-in-view to disable this warning&amp#27;[0;39m
&amp#27;[34m21-08-10 Tue 09:16:28.0742&amp#27;[0;39m &amp#27;[32mINFO &amp#27;[0;39m &amp#27;[34mPropertySourcedRequestMappingHandlerMapping&amp#27;[0;39m &amp#27;[2mMapped URL path [/v2/api-docs] onto method [springfox.documentation.swagger2.web.Swagger2Controller#getDocumentation(String, HttpServletRequest)]&amp#27;[0;39m
&amp#27;[34m21-08-10 Tue 09:16:29.0328&amp#27;[0;39m &amp#27;[32mINFO &amp#27;[0;39m &amp#27;[34mDocumentationPluginsBootstrapper&amp#27;[0;39m &amp#27;[2mContext refreshed&amp#27;[0;39m
&amp#27;[34m21-08-10 Tue 09:16:29.0329&amp#27;[0;39m &amp#27;[32mINFO &amp#27;[0;39m &amp#27;[34mDocumentationPluginsBootstrapper&amp#27;[0;39m &amp#27;[2mFound 1 custom documentation plugin(s)&amp#27;[0;39m
&amp#27;[34m21-08-10 Tue 09:16:29.0335&amp#27;[0;39m &amp#27;[32mINFO &amp#27;[0;39m &amp#27;[34mApiListingReferenceScanner&amp#27;[0;39m &amp#27;[2mScanning for api listing references&amp#27;[0;39m
&amp#27;[34m21-08-10 Tue 09:16:29.0425&amp#27;[0;39m &amp#27;[32mINFO &amp#27;[0;39m &amp#27;[34mCustomerServiceTest&amp#27;[0;39m &amp#27;[2mStarted CustomerServiceTest in 2.634 seconds (JVM running for 23.87)&amp#27;[0;39m
]]></system-out>
  </testcase>
  <testcase name="deleteCustomerTest" classname="com.cg.mts.servicetest.CustomerServiceTest" time="0.005"/>
  <testcase name="insertCustomerTest" classname="com.cg.mts.servicetest.CustomerServiceTest" time="0.005"/>
  <testcase name="updateCustomerTest" classname="com.cg.mts.servicetest.CustomerServiceTest" time="0.006"/>
</testsuite>